<?xml version="1.0" encoding="UTF-8"?>
<coverage generated="1596131355888" clover="3.2.0">
  <project timestamp="1596131355888" name="All files">
    <metrics statements="27" coveredstatements="26" conditionals="18" coveredconditionals="17" methods="5" coveredmethods="5" elements="50" coveredelements="48" complexity="0" loc="27" ncloc="27" packages="1" files="3" classes="3"/>
    <file name="calc-percentage.ts" path="C:\Users\qrxt3\Desktop\my-range-slider\src\range\utils\calc-percentage.ts">
      <metrics statements="2" coveredstatements="2" conditionals="0" coveredconditionals="0" methods="1" coveredmethods="1"/>
      <line num="1" count="1" type="stmt"/>
      <line num="2" count="2" type="stmt"/>
    </file>
    <file name="find-closest-in-array.ts" path="C:\Users\qrxt3\Desktop\my-range-slider\src\range\utils\find-closest-in-array.ts">
      <metrics statements="3" coveredstatements="3" conditionals="2" coveredconditionals="2" methods="2" coveredmethods="2"/>
      <line num="1" count="1" type="stmt"/>
      <line num="2" count="8" type="stmt"/>
      <line num="3" count="72" type="cond" truecount="2" falsecount="0"/>
    </file>
    <file name="get-striped-gradient.ts" path="C:\Users\qrxt3\Desktop\my-range-slider\src\range\utils\get-striped-gradient.ts">
      <metrics statements="22" coveredstatements="21" conditionals="16" coveredconditionals="15" methods="2" coveredmethods="2"/>
      <line num="5" count="1" type="stmt"/>
      <line num="6" count="5" type="stmt"/>
      <line num="8" count="5" type="stmt"/>
      <line num="9" count="5" type="stmt"/>
      <line num="11" count="9" type="stmt"/>
      <line num="12" count="9" type="stmt"/>
      <line num="14" count="9" type="cond" truecount="2" falsecount="0"/>
      <line num="15" count="5" type="cond" truecount="4" falsecount="0"/>
      <line num="16" count="1" type="stmt"/>
      <line num="23" count="4" type="cond" truecount="2" falsecount="0"/>
      <line num="24" count="1" type="stmt"/>
      <line num="29" count="3" type="cond" truecount="2" falsecount="0"/>
      <line num="30" count="1" type="stmt"/>
      <line num="34" count="2" type="stmt"/>
      <line num="35" count="2" type="stmt"/>
      <line num="37" count="2" type="stmt"/>
      <line num="40" count="4" type="cond" truecount="4" falsecount="0"/>
      <line num="41" count="1" type="stmt"/>
      <line num="44" count="3" type="cond" truecount="1" falsecount="1"/>
      <line num="45" count="3" type="stmt"/>
      <line num="48" count="0" type="stmt"/>
      <line num="52" count="5" type="stmt"/>
    </file>
  </project>
</coverage>
