{"C:\\Users\\qrxt3\\Desktop\\my-range-slider\\src\\range\\range.ts": {"path":"C:\\Users\\qrxt3\\Desktop\\my-range-slider\\src\\range\\range.ts","statementMap":{"0":{"start":{"line":12,"column":0},"end":{"line":12,"column":51}},"1":{"start":{"line":14,"column":21},"end":{"line":14,"column":33}},"2":{"start":{"line":18,"column":0},"end":{"line":18,"column":33}},"3":{"start":{"line":22,"column":0},"end":{"line":22,"column":52}},"4":{"start":{"line":24,"column":31},"end":{"line":45,"column":1}},"5":{"start":{"line":31,"column":6},"end":{"line":31,"column":14}},"6":{"start":{"line":33,"column":24},"end":{"line":33,"column":52}},"7":{"start":{"line":34,"column":19},"end":{"line":34,"column":58}},"8":{"start":{"line":35,"column":23},"end":{"line":35,"column":38}},"9":{"start":{"line":37,"column":2},"end":{"line":43,"column":null}},"10":{"start":{"line":47,"column":0},"end":{"line":47,"column":null}},"11":{"start":{"line":54,"column":4},"end":{"line":54,"column":21}},"12":{"start":{"line":55,"column":4},"end":{"line":55,"column":23}},"13":{"start":{"line":56,"column":4},"end":{"line":56,"column":55}},"14":{"start":{"line":57,"column":4},"end":{"line":82,"column":7}},"15":{"start":{"line":85,"column":9},"end":{"line":89,"column":null}},"16":{"start":{"line":86,"column":25},"end":{"line":86,"column":37}},"17":{"start":{"line":86,"column":16},"end":{"line":86,"column":18}},"18":{"start":{"line":86,"column":20},"end":{"line":86,"column":25}},"19":{"start":{"line":88,"column":4},"end":{"line":88,"column":24}},"20":{"start":{"line":91,"column":9},"end":{"line":134,"column":null}},"21":{"start":{"line":91,"column":2},"end":{"line":91,"column":9}},"22":{"start":{"line":92,"column":35},"end":{"line":92,"column":47}},"23":{"start":{"line":92,"column":16},"end":{"line":92,"column":18}},"24":{"start":{"line":92,"column":20},"end":{"line":92,"column":22}},"25":{"start":{"line":92,"column":25},"end":{"line":92,"column":27}},"26":{"start":{"line":92,"column":30},"end":{"line":92,"column":35}},"27":{"start":{"line":94,"column":20},"end":{"line":94,"column":42}},"28":{"start":{"line":96,"column":21},"end":{"line":104,"column":5}},"29":{"start":{"line":97,"column":22},"end":{"line":97,"column":65}},"30":{"start":{"line":99,"column":6},"end":{"line":99,"column":32}},"31":{"start":{"line":101,"column":6},"end":{"line":103,"column":9}},"32":{"start":{"line":108,"column":21},"end":{"line":125,"column":5}},"33":{"start":{"line":109,"column":6},"end":{"line":124,"column":null}},"34":{"start":{"line":110,"column":26},"end":{"line":110,"column":54}},"35":{"start":{"line":112,"column":8},"end":{"line":112,"column":38}},"36":{"start":{"line":114,"column":8},"end":{"line":116,"column":11}},"37":{"start":{"line":118,"column":26},"end":{"line":118,"column":55}},"38":{"start":{"line":119,"column":8},"end":{"line":119,"column":38}},"39":{"start":{"line":121,"column":8},"end":{"line":123,"column":11}},"40":{"start":{"line":127,"column":4},"end":{"line":129,"column":null}},"41":{"start":{"line":128,"column":6},"end":{"line":128,"column":20}},"42":{"start":{"line":131,"column":4},"end":{"line":133,"column":null}},"43":{"start":{"line":132,"column":6},"end":{"line":132,"column":20}},"44":{"start":{"line":136,"column":2},"end":{"line":168,"column":null}},"45":{"start":{"line":137,"column":25},"end":{"line":163,"column":6}},"46":{"start":{"line":165,"column":4},"end":{"line":165,"column":37}},"47":{"start":{"line":167,"column":4},"end":{"line":167,"column":16}},"48":{"start":{"line":169,"column":0},"end":{"line":169,"column":null}}},"fnMap":{"0":{"name":"(anonymous_2)","decl":{"start":{"line":24,"column":31},"end":{"line":24,"column":32}},"loc":{"start":{"line":24,"column":48},"end":{"line":45,"column":1}}},"1":{"name":"(anonymous_3)","decl":{"start":{"line":47,"column":0},"end":{"line":47,"column":null}},"loc":{"start":{"line":47,"column":0},"end":{"line":169,"column":null}}},"2":{"name":"MyRange","decl":{"start":{"line":53,"column":2},"end":{"line":53,"column":15}},"loc":{"start":{"line":53,"column":58},"end":{"line":83,"column":3}}},"3":{"name":"(anonymous_5)","decl":{"start":{"line":85,"column":2},"end":{"line":85,"column":9}},"loc":{"start":{"line":85,"column":2},"end":{"line":89,"column":3}}},"4":{"name":"(anonymous_6)","decl":{"start":{"line":91,"column":2},"end":{"line":91,"column":9}},"loc":{"start":{"line":91,"column":52},"end":{"line":134,"column":3}}},"5":{"name":"(anonymous_7)","decl":{"start":{"line":96,"column":21},"end":{"line":96,"column":22}},"loc":{"start":{"line":96,"column":33},"end":{"line":104,"column":5}}},"6":{"name":"(anonymous_8)","decl":{"start":{"line":108,"column":21},"end":{"line":108,"column":22}},"loc":{"start":{"line":108,"column":33},"end":{"line":125,"column":5}}},"7":{"name":"(anonymous_9)","decl":{"start":{"line":136,"column":2},"end":{"line":136,"column":6}},"loc":{"start":{"line":136,"column":2},"end":{"line":168,"column":3}}}},"branchMap":{"0":{"loc":{"start":{"line":33,"column":36},"end":{"line":33,"column":46}},"type":"cond-expr","locations":[{"start":{"line":33,"column":36},"end":{"line":33,"column":46}},{"start":{"line":33,"column":49},"end":{"line":33,"column":52}}]},"1":{"loc":{"start":{"line":41,"column":25},"end":{"line":41,"column":33}},"type":"cond-expr","locations":[{"start":{"line":41,"column":25},"end":{"line":41,"column":33}},{"start":{"line":41,"column":36},"end":{"line":41,"column":40}}]},"2":{"loc":{"start":{"line":42,"column":17},"end":{"line":42,"column":47}},"type":"cond-expr","locations":[{"start":{"line":42,"column":17},"end":{"line":42,"column":47}},{"start":{"line":42,"column":50},"end":{"line":42,"column":54}}]},"3":{"loc":{"start":{"line":43,"column":13},"end":{"line":43,"column":41}},"type":"cond-expr","locations":[{"start":{"line":43,"column":13},"end":{"line":43,"column":41}},{"start":{"line":43,"column":44},"end":{"line":43,"column":48}}]},"4":{"loc":{"start":{"line":109,"column":6},"end":{"line":124,"column":null}},"type":"if","locations":[{"start":{"line":109,"column":6},"end":{"line":124,"column":null}},{"start":{"line":109,"column":6},"end":{"line":124,"column":null}}]},"5":{"loc":{"start":{"line":127,"column":4},"end":{"line":129,"column":null}},"type":"if","locations":[{"start":{"line":127,"column":4},"end":{"line":129,"column":null}},{"start":{"line":127,"column":4},"end":{"line":129,"column":null}}]},"6":{"loc":{"start":{"line":131,"column":4},"end":{"line":133,"column":null}},"type":"if","locations":[{"start":{"line":131,"column":4},"end":{"line":133,"column":null}},{"start":{"line":131,"column":4},"end":{"line":133,"column":null}}]}},"s":{"0":5,"1":5,"2":5,"3":5,"4":5,"5":40,"6":8,"7":8,"8":8,"9":8,"10":5,"11":8,"12":8,"13":8,"14":8,"15":5,"16":13,"17":13,"18":13,"19":13,"20":5,"21":11,"22":11,"23":11,"24":11,"25":11,"26":11,"27":11,"28":11,"29":4,"30":4,"31":4,"32":11,"33":7,"34":3,"35":3,"36":3,"37":4,"38":4,"39":4,"40":11,"41":7,"42":11,"43":4,"44":5,"45":6,"46":6,"47":6,"48":5},"f":{"0":8,"1":5,"2":8,"3":13,"4":11,"5":4,"6":7,"7":6},"b":{"0":[1,7],"1":[1,7],"2":[8,0],"3":[2,6],"4":[3,4],"5":[7,4],"6":[4,7]}}
,"C:\\Users\\qrxt3\\Desktop\\my-range-slider\\src\\range\\elmish\\index.ts": {"path":"C:\\Users\\qrxt3\\Desktop\\my-range-slider\\src\\range\\elmish\\index.ts","statementMap":{"0":{"start":{"line":1,"column":0},"end":{"line":1,"column":7}},"1":{"start":{"line":6,"column":2},"end":{"line":1,"column":26}},"2":{"start":{"line":2,"column":0},"end":{"line":2,"column":7}},"3":{"start":{"line":7,"column":2},"end":{"line":2,"column":30}},"4":{"start":{"line":3,"column":0},"end":{"line":3,"column":7}},"5":{"start":{"line":8,"column":2},"end":{"line":3,"column":28}}},"fnMap":{},"branchMap":{},"s":{"0":5,"1":5,"2":5,"3":5,"4":5,"5":5},"f":{},"b":{}}
,"C:\\Users\\qrxt3\\Desktop\\my-range-slider\\src\\range\\elmish\\mount.ts": {"path":"C:\\Users\\qrxt3\\Desktop\\my-range-slider\\src\\range\\elmish\\mount.ts","statementMap":{"0":{"start":{"line":9,"column":0},"end":{"line":9,"column":30}},"1":{"start":{"line":10,"column":0},"end":{"line":10,"column":26}},"2":{"start":{"line":14,"column":0},"end":{"line":26,"column":2}},"3":{"start":{"line":14,"column":46},"end":{"line":14,"column":null}},"4":{"start":{"line":15,"column":25},"end":{"line":19,"column":3}},"5":{"start":{"line":16,"column":4},"end":{"line":16,"column":43}},"6":{"start":{"line":18,"column":4},"end":{"line":18,"column":36}},"7":{"start":{"line":21,"column":2},"end":{"line":23,"column":null}},"8":{"start":{"line":22,"column":4},"end":{"line":22,"column":36}},"9":{"start":{"line":25,"column":2},"end":{"line":25,"column":16}}},"fnMap":{"0":{"name":"(anonymous_0)","decl":{"start":{"line":14,"column":15},"end":{"line":14,"column":16}},"loc":{"start":{"line":14,"column":61},"end":{"line":26,"column":1}}},"1":{"name":"(anonymous_1)","decl":{"start":{"line":15,"column":25},"end":{"line":15,"column":26}},"loc":{"start":{"line":15,"column":59},"end":{"line":19,"column":3}}}},"branchMap":{"0":{"loc":{"start":{"line":14,"column":46},"end":{"line":14,"column":null}},"type":"if","locations":[{"start":{"line":14,"column":46},"end":{"line":14,"column":null}},{"start":{"line":14,"column":46},"end":{"line":14,"column":null}}]},"1":{"loc":{"start":{"line":21,"column":2},"end":{"line":23,"column":null}},"type":"if","locations":[{"start":{"line":21,"column":2},"end":{"line":23,"column":null}},{"start":{"line":21,"column":2},"end":{"line":23,"column":null}}]}},"s":{"0":5,"1":5,"2":5,"3":12,"4":6,"5":11,"6":11,"7":6,"8":6,"9":6},"f":{"0":6,"1":11},"b":{"0":[6,0],"1":[6,0]}}
,"C:\\Users\\qrxt3\\Desktop\\my-range-slider\\src\\range\\elmish\\update.ts": {"path":"C:\\Users\\qrxt3\\Desktop\\my-range-slider\\src\\range\\elmish\\update.ts","statementMap":{"0":{"start":{"line":1,"column":0},"end":{"line":1,"column":32}},"1":{"start":{"line":8,"column":0},"end":{"line":18,"column":2}},"2":{"start":{"line":9,"column":44},"end":{"line":9,"column":59}},"3":{"start":{"line":11,"column":2},"end":{"line":15,"column":null}},"4":{"start":{"line":12,"column":4},"end":{"line":12,"column":41}},"5":{"start":{"line":14,"column":4},"end":{"line":14,"column":null}},"6":{"start":{"line":17,"column":2},"end":{"line":17,"column":15}}},"fnMap":{"0":{"name":"(anonymous_0)","decl":{"start":{"line":8,"column":15},"end":{"line":8,"column":16}},"loc":{"start":{"line":8,"column":63},"end":{"line":18,"column":1}}}},"branchMap":{"0":{"loc":{"start":{"line":11,"column":2},"end":{"line":15,"column":null}},"type":"if","locations":[{"start":{"line":11,"column":2},"end":{"line":15,"column":null}},{"start":{"line":11,"column":2},"end":{"line":15,"column":null}}]}},"s":{"0":5,"1":5,"2":11,"3":11,"4":11,"5":0,"6":0},"f":{"0":11},"b":{"0":[11,0]}}
,"C:\\Users\\qrxt3\\Desktop\\my-range-slider\\src\\range\\elmish\\view.ts": {"path":"C:\\Users\\qrxt3\\Desktop\\my-range-slider\\src\\range\\elmish\\view.ts","statementMap":{"0":{"start":{"line":7,"column":0},"end":{"line":7,"column":36}},"1":{"start":{"line":8,"column":0},"end":{"line":8,"column":52}},"2":{"start":{"line":9,"column":0},"end":{"line":9,"column":54}},"3":{"start":{"line":10,"column":0},"end":{"line":10,"column":38}},"4":{"start":{"line":11,"column":0},"end":{"line":11,"column":34}},"5":{"start":{"line":17,"column":14},"end":{"line":19,"column":1}},"6":{"start":{"line":18,"column":2},"end":{"line":18,"column":27}},"7":{"start":{"line":21,"column":0},"end":{"line":119,"column":2}},"8":{"start":{"line":22,"column":15},"end":{"line":29,"column":11}},"9":{"start":{"line":31,"column":25},"end":{"line":59,"column":4}},"10":{"start":{"line":61,"column":22},"end":{"line":72,"column":null}},"11":{"start":{"line":75,"column":22},"end":{"line":84,"column":null}},"12":{"start":{"line":87,"column":23},"end":{"line":87,"column":50}},"13":{"start":{"line":88,"column":24},"end":{"line":88,"column":52}},"14":{"start":{"line":90,"column":25},"end":{"line":109,"column":null}},"15":{"start":{"line":113,"column":2},"end":{"line":113,"column":14}},"16":{"start":{"line":114,"column":2},"end":{"line":118,"column":4}}},"fnMap":{"0":{"name":"(anonymous_2)","decl":{"start":{"line":17,"column":14},"end":{"line":17,"column":15}},"loc":{"start":{"line":17,"column":40},"end":{"line":19,"column":1}}},"1":{"name":"(anonymous_3)","decl":{"start":{"line":21,"column":15},"end":{"line":21,"column":16}},"loc":{"start":{"line":21,"column":71},"end":{"line":119,"column":1}}}},"branchMap":{"0":{"loc":{"start":{"line":71,"column":8},"end":{"line":71,"column":16}},"type":"cond-expr","locations":[{"start":{"line":71,"column":8},"end":{"line":71,"column":16}},{"start":{"line":72,"column":8},"end":{"line":72,"column":17}}]},"1":{"loc":{"start":{"line":83,"column":8},"end":{"line":83,"column":18}},"type":"cond-expr","locations":[{"start":{"line":83,"column":8},"end":{"line":83,"column":18}},{"start":{"line":84,"column":8},"end":{"line":84,"column":17}}]},"2":{"loc":{"start":{"line":107,"column":10},"end":{"line":107,"column":28}},"type":"cond-expr","locations":[{"start":{"line":107,"column":10},"end":{"line":107,"column":28}},{"start":{"line":108,"column":10},"end":{"line":108,"column":14}}]},"3":{"loc":{"start":{"line":106,"column":6},"end":{"line":106,"column":14}},"type":"binary-expr","locations":[{"start":{"line":106,"column":6},"end":{"line":106,"column":14}},{"start":{"line":106,"column":18},"end":{"line":106,"column":33}}]}},"s":{"0":5,"1":5,"2":5,"3":5,"4":5,"5":5,"6":17,"7":5,"8":17,"9":17,"10":17,"11":17,"12":17,"13":17,"14":17,"15":17,"16":17},"f":{"0":17,"1":17},"b":{"0":[9,8],"1":[17,0],"2":[0,17],"3":[17,8]}}
,"C:\\Users\\qrxt3\\Desktop\\my-range-slider\\src\\range\\elmish\\actions\\index.ts": {"path":"C:\\Users\\qrxt3\\Desktop\\my-range-slider\\src\\range\\elmish\\actions\\index.ts","statementMap":{"0":{"start":{"line":1,"column":0},"end":{"line":1,"column":35}},"1":{"start":{"line":2,"column":0},"end":{"line":2,"column":35}},"2":{"start":{"line":3,"column":0},"end":{"line":3,"column":26}},"3":{"start":{"line":7,"column":0},"end":{"line":7,"column":51}},"4":{"start":{"line":13,"column":4},"end":{"line":13,"column":16}},"5":{"start":{"line":19,"column":13},"end":{"line":23,"column":2}},"6":{"start":{"line":25,"column":0},"end":{"line":25,"column":23}}},"fnMap":{},"branchMap":{},"s":{"0":5,"1":5,"2":5,"3":5,"4":15,"5":5,"6":5},"f":{},"b":{}}
,"C:\\Users\\qrxt3\\Desktop\\my-range-slider\\src\\range\\elmish\\actions\\init.ts": {"path":"C:\\Users\\qrxt3\\Desktop\\my-range-slider\\src\\range\\elmish\\actions\\init.ts","statementMap":{"0":{"start":{"line":8,"column":0},"end":{"line":8,"column":52}},"1":{"start":{"line":9,"column":0},"end":{"line":9,"column":52}},"2":{"start":{"line":10,"column":0},"end":{"line":10,"column":57}},"3":{"start":{"line":11,"column":0},"end":{"line":11,"column":54}},"4":{"start":{"line":12,"column":0},"end":{"line":12,"column":57}},"5":{"start":{"line":14,"column":0},"end":{"line":64,"column":2}},"6":{"start":{"line":18,"column":6},"end":{"line":18,"column":14}},"7":{"start":{"line":19,"column":49},"end":{"line":19,"column":55}},"8":{"start":{"line":21,"column":22},"end":{"line":21,"column":52}},"9":{"start":{"line":22,"column":24},"end":{"line":22,"column":77}},"10":{"start":{"line":23,"column":16},"end":{"line":23,"column":68}},"11":{"start":{"line":24,"column":24},"end":{"line":24,"column":82}},"12":{"start":{"line":26,"column":25},"end":{"line":28,"column":null}},"13":{"start":{"line":31,"column":21},"end":{"line":39,"column":null}},"14":{"start":{"line":42,"column":2},"end":{"line":62,"column":null}},"15":{"start":{"line":43,"column":25},"end":{"line":45,"column":null}},"16":{"start":{"line":48,"column":4},"end":{"line":54,"column":null}},"17":{"start":{"line":56,"column":9},"end":{"line":62,"column":null}}},"fnMap":{"0":{"name":"(anonymous_2)","decl":{"start":{"line":14,"column":15},"end":{"line":14,"column":16}},"loc":{"start":{"line":14,"column":46},"end":{"line":64,"column":1}}}},"branchMap":{"0":{"loc":{"start":{"line":42,"column":2},"end":{"line":62,"column":null}},"type":"if","locations":[{"start":{"line":42,"column":2},"end":{"line":62,"column":null}},{"start":{"line":42,"column":2},"end":{"line":62,"column":null}}]}},"s":{"0":5,"1":5,"2":5,"3":5,"4":5,"5":5,"6":0,"7":0,"8":0,"9":0,"10":0,"11":0,"12":0,"13":0,"14":0,"15":0,"16":0,"17":0},"f":{"0":0},"b":{"0":[0,0]}}
,"C:\\Users\\qrxt3\\Desktop\\my-range-slider\\src\\range\\elmish\\actions\\set-model.ts": {"path":"C:\\Users\\qrxt3\\Desktop\\my-range-slider\\src\\range\\elmish\\actions\\set-model.ts","statementMap":{"0":{"start":{"line":4,"column":0},"end":{"line":7,"column":3}},"1":{"start":{"line":4,"column":58},"end":{"line":7,"column":3}}},"fnMap":{"0":{"name":"(anonymous_2)","decl":{"start":{"line":4,"column":15},"end":{"line":4,"column":16}},"loc":{"start":{"line":4,"column":46},"end":{"line":4,"column":null}}}},"branchMap":{},"s":{"0":5,"1":0},"f":{"0":0},"b":{}}
,"C:\\Users\\qrxt3\\Desktop\\my-range-slider\\src\\range\\elmish\\actions\\set-value.ts": {"path":"C:\\Users\\qrxt3\\Desktop\\my-range-slider\\src\\range\\elmish\\actions\\set-value.ts","statementMap":{"0":{"start":{"line":8,"column":0},"end":{"line":8,"column":52}},"1":{"start":{"line":9,"column":0},"end":{"line":9,"column":52}},"2":{"start":{"line":10,"column":0},"end":{"line":10,"column":57}},"3":{"start":{"line":11,"column":0},"end":{"line":11,"column":54}},"4":{"start":{"line":12,"column":0},"end":{"line":12,"column":57}},"5":{"start":{"line":14,"column":0},"end":{"line":76,"column":2}},"6":{"start":{"line":15,"column":23},"end":{"line":15,"column":31}},"7":{"start":{"line":24,"column":6},"end":{"line":24,"column":12}},"8":{"start":{"line":26,"column":17},"end":{"line":26,"column":41}},"9":{"start":{"line":27,"column":15},"end":{"line":27,"column":37}},"10":{"start":{"line":29,"column":21},"end":{"line":29,"column":39}},"11":{"start":{"line":30,"column":22},"end":{"line":30,"column":54}},"12":{"start":{"line":31,"column":20},"end":{"line":31,"column":48}},"13":{"start":{"line":33,"column":18},"end":{"line":33,"column":47}},"14":{"start":{"line":35,"column":22},"end":{"line":35,"column":52}},"15":{"start":{"line":36,"column":24},"end":{"line":36,"column":77}},"16":{"start":{"line":37,"column":16},"end":{"line":37,"column":68}},"17":{"start":{"line":39,"column":25},"end":{"line":41,"column":null}},"18":{"start":{"line":45,"column":2},"end":{"line":47,"column":null}},"19":{"start":{"line":46,"column":4},"end":{"line":46,"column":41}},"20":{"start":{"line":49,"column":2},"end":{"line":75,"column":null}},"21":{"start":{"line":50,"column":25},"end":{"line":52,"column":null}},"22":{"start":{"line":55,"column":4},"end":{"line":63,"column":null}},"23":{"start":{"line":66,"column":4},"end":{"line":73,"column":null}}},"fnMap":{"0":{"name":"(anonymous_2)","decl":{"start":{"line":14,"column":15},"end":{"line":14,"column":16}},"loc":{"start":{"line":14,"column":46},"end":{"line":76,"column":1}}}},"branchMap":{"0":{"loc":{"start":{"line":29,"column":30},"end":{"line":29,"column":34}},"type":"cond-expr","locations":[{"start":{"line":29,"column":30},"end":{"line":29,"column":34}},{"start":{"line":29,"column":37},"end":{"line":29,"column":39}}]},"1":{"loc":{"start":{"line":30,"column":31},"end":{"line":30,"column":41}},"type":"cond-expr","locations":[{"start":{"line":30,"column":31},"end":{"line":30,"column":41}},{"start":{"line":30,"column":44},"end":{"line":30,"column":54}}]},"2":{"loc":{"start":{"line":31,"column":27},"end":{"line":31,"column":37}},"type":"cond-expr","locations":[{"start":{"line":31,"column":27},"end":{"line":31,"column":37}},{"start":{"line":31,"column":40},"end":{"line":31,"column":48}}]},"3":{"loc":{"start":{"line":45,"column":2},"end":{"line":47,"column":null}},"type":"if","locations":[{"start":{"line":45,"column":2},"end":{"line":47,"column":null}},{"start":{"line":45,"column":2},"end":{"line":47,"column":null}}]},"4":{"loc":{"start":{"line":49,"column":2},"end":{"line":75,"column":null}},"type":"if","locations":[{"start":{"line":49,"column":2},"end":{"line":75,"column":null}},{"start":{"line":49,"column":2},"end":{"line":75,"column":null}}]}},"s":{"0":5,"1":5,"2":5,"3":5,"4":5,"5":5,"6":22,"7":77,"8":11,"9":11,"10":11,"11":11,"12":11,"13":11,"14":11,"15":11,"16":11,"17":11,"18":11,"19":0,"20":11,"21":7,"22":7,"23":4},"f":{"0":11},"b":{"0":[7,4],"1":[7,4],"2":[4,7],"3":[0,11],"4":[7,4]}}
,"C:\\Users\\qrxt3\\Desktop\\my-range-slider\\src\\range\\ts\\enums\\ActionsEnum.enums.ts": {"path":"C:\\Users\\qrxt3\\Desktop\\my-range-slider\\src\\range\\ts\\enums\\ActionsEnum.enums.ts","statementMap":{"0":{"start":{"line":1,"column":0},"end":{"line":1,"column":null}},"1":{"start":{"line":2,"column":2},"end":{"line":2,"column":null}},"2":{"start":{"line":3,"column":2},"end":{"line":3,"column":null}},"3":{"start":{"line":4,"column":2},"end":{"line":4,"column":null}},"4":{"start":{"line":5,"column":2},"end":{"line":5,"column":null}},"5":{"start":{"line":6,"column":2},"end":{"line":6,"column":null}},"6":{"start":{"line":9,"column":0},"end":{"line":9,"column":27}}},"fnMap":{"0":{"name":"(anonymous_0)","decl":{"start":{"line":1,"column":0},"end":{"line":1,"column":5}},"loc":{"start":{"line":1,"column":16},"end":{"line":7,"column":1}}}},"branchMap":{"0":{"loc":{"start":{"line":1,"column":5},"end":{"line":1,"column":16}},"type":"binary-expr","locations":[{"start":{"line":1,"column":5},"end":{"line":1,"column":16}},{"start":{"line":1,"column":5},"end":{"line":1,"column":null}}]}},"s":{"0":5,"1":5,"2":5,"3":5,"4":5,"5":5,"6":5},"f":{"0":5},"b":{"0":[5,5]}}
,"C:\\Users\\qrxt3\\Desktop\\my-range-slider\\src\\range\\utils\\calc-percentage.ts": {"path":"C:\\Users\\qrxt3\\Desktop\\my-range-slider\\src\\range\\utils\\calc-percentage.ts","statementMap":{"0":{"start":{"line":1,"column":0},"end":{"line":2,"column":null}},"1":{"start":{"line":2,"column":2},"end":{"line":2,"column":null}}},"fnMap":{"0":{"name":"(anonymous_0)","decl":{"start":{"line":1,"column":15},"end":{"line":1,"column":16}},"loc":{"start":{"line":1,"column":46},"end":{"line":2,"column":3}}}},"branchMap":{},"s":{"0":6,"1":20},"f":{"0":20},"b":{}}
,"C:\\Users\\qrxt3\\Desktop\\my-range-slider\\src\\range\\utils\\find-closest-in-array.ts": {"path":"C:\\Users\\qrxt3\\Desktop\\my-range-slider\\src\\range\\utils\\find-closest-in-array.ts","statementMap":{"0":{"start":{"line":1,"column":0},"end":{"line":4,"column":4}},"1":{"start":{"line":2,"column":2},"end":{"line":4,"column":4}},"2":{"start":{"line":3,"column":4},"end":{"line":3,"column":null}}},"fnMap":{"0":{"name":"(anonymous_0)","decl":{"start":{"line":1,"column":15},"end":{"line":1,"column":16}},"loc":{"start":{"line":1,"column":50},"end":{"line":2,"column":5}}},"1":{"name":"(anonymous_1)","decl":{"start":{"line":2,"column":13},"end":{"line":2,"column":14}},"loc":{"start":{"line":2,"column":18},"end":{"line":3,"column":8}}}},"branchMap":{"0":{"loc":{"start":{"line":3,"column":50},"end":{"line":3,"column":51}},"type":"cond-expr","locations":[{"start":{"line":3,"column":50},"end":{"line":3,"column":51}},{"start":{"line":3,"column":54},"end":{"line":3,"column":55}}]}},"s":{"0":6,"1":8,"2":72},"f":{"0":8,"1":72},"b":{"0":[36,36]}}
,"C:\\Users\\qrxt3\\Desktop\\my-range-slider\\src\\range\\utils\\get-cursor-document-offset.ts": {"path":"C:\\Users\\qrxt3\\Desktop\\my-range-slider\\src\\range\\utils\\get-cursor-document-offset.ts","statementMap":{"0":{"start":{"line":1,"column":0},"end":{"line":18,"column":2}},"1":{"start":{"line":1,"column":35},"end":{"line":1,"column":null}},"2":{"start":{"line":2,"column":21},"end":{"line":2,"column":45}},"3":{"start":{"line":3,"column":21},"end":{"line":3,"column":45}},"4":{"start":{"line":5,"column":21},"end":{"line":5,"column":47}},"5":{"start":{"line":7,"column":2},"end":{"line":11,"column":null}},"6":{"start":{"line":8,"column":4},"end":{"line":10,"column":18}},"7":{"start":{"line":13,"column":2},"end":{"line":17,"column":null}},"8":{"start":{"line":14,"column":4},"end":{"line":16,"column":null}}},"fnMap":{"0":{"name":"(anonymous_0)","decl":{"start":{"line":1,"column":15},"end":{"line":1,"column":16}},"loc":{"start":{"line":1,"column":61},"end":{"line":18,"column":1}}}},"branchMap":{"0":{"loc":{"start":{"line":1,"column":35},"end":{"line":1,"column":null}},"type":"if","locations":[{"start":{"line":1,"column":35},"end":{"line":1,"column":null}},{"start":{"line":1,"column":35},"end":{"line":1,"column":null}}]},"1":{"loc":{"start":{"line":7,"column":2},"end":{"line":11,"column":null}},"type":"if","locations":[{"start":{"line":7,"column":2},"end":{"line":11,"column":null}},{"start":{"line":7,"column":2},"end":{"line":11,"column":null}}]},"2":{"loc":{"start":{"line":9,"column":8},"end":{"line":9,"column":17}},"type":"cond-expr","locations":[{"start":{"line":9,"column":8},"end":{"line":9,"column":17}},{"start":{"line":10,"column":8},"end":{"line":10,"column":17}}]},"3":{"loc":{"start":{"line":13,"column":2},"end":{"line":17,"column":null}},"type":"if","locations":[{"start":{"line":13,"column":2},"end":{"line":17,"column":null}},{"start":{"line":13,"column":2},"end":{"line":17,"column":null}}]},"4":{"loc":{"start":{"line":15,"column":8},"end":{"line":15,"column":28}},"type":"cond-expr","locations":[{"start":{"line":15,"column":8},"end":{"line":15,"column":28}},{"start":{"line":16,"column":8},"end":{"line":16,"column":28}}]}},"s":{"0":5,"1":0,"2":0,"3":0,"4":0,"5":0,"6":0,"7":0,"8":0},"f":{"0":0},"b":{"0":[0,0],"1":[0,0],"2":[0,0],"3":[0,0],"4":[0,0]}}
,"C:\\Users\\qrxt3\\Desktop\\my-range-slider\\src\\range\\utils\\get-step-indexes.ts": {"path":"C:\\Users\\qrxt3\\Desktop\\my-range-slider\\src\\range\\utils\\get-step-indexes.ts","statementMap":{"0":{"start":{"line":1,"column":0},"end":{"line":8,"column":null}},"1":{"start":{"line":2,"column":24},"end":{"line":2,"column":57}},"2":{"start":{"line":4,"column":2},"end":{"line":7,"column":4}},"3":{"start":{"line":6,"column":20},"end":{"line":6,"column":null}}},"fnMap":{"0":{"name":"(anonymous_0)","decl":{"start":{"line":1,"column":15},"end":{"line":1,"column":16}},"loc":{"start":{"line":1,"column":54},"end":{"line":8,"column":1}}},"1":{"name":"(anonymous_1)","decl":{"start":{"line":6,"column":4},"end":{"line":6,"column":5}},"loc":{"start":{"line":6,"column":15},"end":{"line":6,"column":27}}}},"branchMap":{},"s":{"0":5,"1":11,"2":11,"3":643},"f":{"0":11,"1":643},"b":{}}
,"C:\\Users\\qrxt3\\Desktop\\my-range-slider\\src\\range\\utils\\get-step-positions.ts": {"path":"C:\\Users\\qrxt3\\Desktop\\my-range-slider\\src\\range\\utils\\get-step-positions.ts","statementMap":{"0":{"start":{"line":1,"column":0},"end":{"line":7,"column":null}},"1":{"start":{"line":2,"column":24},"end":{"line":2,"column":46}},"2":{"start":{"line":3,"column":31},"end":{"line":3,"column":72}},"3":{"start":{"line":5,"column":2},"end":{"line":6,"column":49}},"4":{"start":{"line":6,"column":21},"end":{"line":6,"column":48}}},"fnMap":{"0":{"name":"(anonymous_0)","decl":{"start":{"line":1,"column":15},"end":{"line":1,"column":16}},"loc":{"start":{"line":1,"column":82},"end":{"line":7,"column":1}}},"1":{"name":"(anonymous_1)","decl":{"start":{"line":6,"column":9},"end":{"line":6,"column":10}},"loc":{"start":{"line":6,"column":16},"end":{"line":6,"column":24}}}},"branchMap":{},"s":{"0":5,"1":11,"2":11,"3":11,"4":643},"f":{"0":11,"1":643},"b":{}}
,"C:\\Users\\qrxt3\\Desktop\\my-range-slider\\src\\range\\utils\\get-steps-pos-map.ts": {"path":"C:\\Users\\qrxt3\\Desktop\\my-range-slider\\src\\range\\utils\\get-steps-pos-map.ts","statementMap":{"0":{"start":{"line":1,"column":0},"end":{"line":13,"column":null}},"1":{"start":{"line":1,"column":93},"end":{"line":1,"column":null}},"2":{"start":{"line":2,"column":28},"end":{"line":4,"column":19}},"3":{"start":{"line":6,"column":2},"end":{"line":12,"column":12}},"4":{"start":{"line":7,"column":54},"end":{"line":9,"column":8}},"5":{"start":{"line":10,"column":54},"end":{"line":12,"column":8}}},"fnMap":{"0":{"name":"(anonymous_2)","decl":{"start":{"line":1,"column":15},"end":{"line":1,"column":16}},"loc":{"start":{"line":1,"column":109},"end":{"line":13,"column":1}}},"1":{"name":"(anonymous_3)","decl":{"start":{"line":7,"column":31},"end":{"line":7,"column":32}},"loc":{"start":{"line":7,"column":49},"end":{"line":7,"column":null}}},"2":{"name":"(anonymous_4)","decl":{"start":{"line":10,"column":31},"end":{"line":10,"column":32}},"loc":{"start":{"line":10,"column":49},"end":{"line":10,"column":null}}}},"branchMap":{"0":{"loc":{"start":{"line":1,"column":93},"end":{"line":1,"column":null}},"type":"if","locations":[{"start":{"line":1,"column":93},"end":{"line":1,"column":null}},{"start":{"line":1,"column":93},"end":{"line":1,"column":null}}]},"1":{"loc":{"start":{"line":3,"column":6},"end":{"line":3,"column":37}},"type":"cond-expr","locations":[{"start":{"line":3,"column":6},"end":{"line":3,"column":37}},{"start":{"line":4,"column":6},"end":{"line":4,"column":19}}]},"2":{"loc":{"start":{"line":7,"column":6},"end":{"line":9,"column":11}},"type":"cond-expr","locations":[{"start":{"line":7,"column":6},"end":{"line":9,"column":11}},{"start":{"line":10,"column":6},"end":{"line":12,"column":11}}]}},"s":{"0":5,"1":22,"2":11,"3":11,"4":0,"5":643},"f":{"0":11,"1":0,"2":643},"b":{"0":[11,0],"1":[2,9],"2":[0,11]}}
,"C:\\Users\\qrxt3\\Desktop\\my-range-slider\\src\\range\\utils\\get-striped-gradient.ts": {"path":"C:\\Users\\qrxt3\\Desktop\\my-range-slider\\src\\range\\utils\\get-striped-gradient.ts","statementMap":{"0":{"start":{"line":5,"column":0},"end":{"line":53,"column":2}},"1":{"start":{"line":6,"column":30},"end":{"line":6,"column":61}},"2":{"start":{"line":8,"column":15},"end":{"line":8,"column":37}},"3":{"start":{"line":9,"column":16},"end":{"line":50,"column":15}},"4":{"start":{"line":11,"column":30},"end":{"line":11,"column":52}},"5":{"start":{"line":12,"column":31},"end":{"line":12,"column":53}},"6":{"start":{"line":14,"column":6},"end":{"line":38,"column":null}},"7":{"start":{"line":15,"column":8},"end":{"line":21,"column":null}},"8":{"start":{"line":16,"column":10},"end":{"line":20,"column":null}},"9":{"start":{"line":23,"column":8},"end":{"line":27,"column":null}},"10":{"start":{"line":24,"column":10},"end":{"line":26,"column":null}},"11":{"start":{"line":29,"column":8},"end":{"line":32,"column":null}},"12":{"start":{"line":30,"column":10},"end":{"line":31,"column":null}},"13":{"start":{"line":34,"column":39},"end":{"line":34,"column":73}},"14":{"start":{"line":35,"column":38},"end":{"line":35,"column":87}},"15":{"start":{"line":37,"column":8},"end":{"line":37,"column":74}},"16":{"start":{"line":40,"column":6},"end":{"line":42,"column":null}},"17":{"start":{"line":41,"column":8},"end":{"line":41,"column":31}},"18":{"start":{"line":44,"column":6},"end":{"line":46,"column":null}},"19":{"start":{"line":45,"column":8},"end":{"line":45,"column":63}},"20":{"start":{"line":48,"column":6},"end":{"line":48,"column":37}},"21":{"start":{"line":52,"column":2},"end":{"line":52,"column":83}}},"fnMap":{"0":{"name":"(anonymous_0)","decl":{"start":{"line":5,"column":15},"end":{"line":5,"column":16}},"loc":{"start":{"line":5,"column":91},"end":{"line":53,"column":1}}},"1":{"name":"(anonymous_1)","decl":{"start":{"line":10,"column":9},"end":{"line":10,"column":10}},"loc":{"start":{"line":10,"column":20},"end":{"line":49,"column":5}}}},"branchMap":{"0":{"loc":{"start":{"line":14,"column":6},"end":{"line":38,"column":null}},"type":"if","locations":[{"start":{"line":14,"column":6},"end":{"line":38,"column":null}},{"start":{"line":14,"column":6},"end":{"line":38,"column":null}}]},"1":{"loc":{"start":{"line":15,"column":8},"end":{"line":21,"column":null}},"type":"if","locations":[{"start":{"line":15,"column":8},"end":{"line":21,"column":null}},{"start":{"line":15,"column":8},"end":{"line":21,"column":null}}]},"2":{"loc":{"start":{"line":15,"column":12},"end":{"line":15,"column":21}},"type":"binary-expr","locations":[{"start":{"line":15,"column":12},"end":{"line":15,"column":21}},{"start":{"line":15,"column":25},"end":{"line":15,"column":50}}]},"3":{"loc":{"start":{"line":23,"column":8},"end":{"line":27,"column":null}},"type":"if","locations":[{"start":{"line":23,"column":8},"end":{"line":27,"column":null}},{"start":{"line":23,"column":8},"end":{"line":27,"column":null}}]},"4":{"loc":{"start":{"line":29,"column":8},"end":{"line":32,"column":null}},"type":"if","locations":[{"start":{"line":29,"column":8},"end":{"line":32,"column":null}},{"start":{"line":29,"column":8},"end":{"line":32,"column":null}}]},"5":{"loc":{"start":{"line":40,"column":6},"end":{"line":42,"column":null}},"type":"if","locations":[{"start":{"line":40,"column":6},"end":{"line":42,"column":null}},{"start":{"line":40,"column":6},"end":{"line":42,"column":null}}]},"6":{"loc":{"start":{"line":40,"column":10},"end":{"line":40,"column":19}},"type":"binary-expr","locations":[{"start":{"line":40,"column":10},"end":{"line":40,"column":19}},{"start":{"line":40,"column":23},"end":{"line":40,"column":40}}]},"7":{"loc":{"start":{"line":44,"column":6},"end":{"line":46,"column":null}},"type":"if","locations":[{"start":{"line":44,"column":6},"end":{"line":46,"column":null}},{"start":{"line":44,"column":6},"end":{"line":46,"column":null}}]}},"s":{"0":6,"1":5,"2":5,"3":5,"4":9,"5":9,"6":9,"7":5,"8":1,"9":4,"10":1,"11":3,"12":1,"13":2,"14":2,"15":2,"16":4,"17":1,"18":3,"19":3,"20":0,"21":5},"f":{"0":5,"1":9},"b":{"0":[5,4],"1":[1,4],"2":[5,2],"3":[1,3],"4":[1,2],"5":[1,3],"6":[4,3],"7":[3,0]}}
,"C:\\Users\\qrxt3\\Desktop\\my-range-slider\\src\\range\\utils\\invert-percentages.ts": {"path":"C:\\Users\\qrxt3\\Desktop\\my-range-slider\\src\\range\\utils\\invert-percentages.ts","statementMap":{"0":{"start":{"line":1,"column":0},"end":{"line":4,"column":17}},"1":{"start":{"line":2,"column":2},"end":{"line":4,"column":17}}},"fnMap":{"0":{"name":"(anonymous_0)","decl":{"start":{"line":1,"column":15},"end":{"line":1,"column":16}},"loc":{"start":{"line":1,"column":53},"end":{"line":2,"column":10}}}},"branchMap":{"0":{"loc":{"start":{"line":3,"column":6},"end":{"line":3,"column":22}},"type":"cond-expr","locations":[{"start":{"line":3,"column":6},"end":{"line":3,"column":22}},{"start":{"line":4,"column":6},"end":{"line":4,"column":16}}]}},"s":{"0":5,"1":18},"f":{"0":18},"b":{"0":[3,15]}}
,"C:\\Users\\qrxt3\\Desktop\\my-range-slider\\src\\range\\utils\\normalize-value.ts": {"path":"C:\\Users\\qrxt3\\Desktop\\my-range-slider\\src\\range\\utils\\normalize-value.ts","statementMap":{"0":{"start":{"line":1,"column":0},"end":{"line":9,"column":2}},"1":{"start":{"line":2,"column":2},"end":{"line":6,"column":null}},"2":{"start":{"line":3,"column":4},"end":{"line":3,"column":15}},"3":{"start":{"line":4,"column":9},"end":{"line":6,"column":null}},"4":{"start":{"line":5,"column":4},"end":{"line":5,"column":15}},"5":{"start":{"line":8,"column":2},"end":{"line":8,"column":13}}},"fnMap":{"0":{"name":"(anonymous_0)","decl":{"start":{"line":1,"column":15},"end":{"line":1,"column":16}},"loc":{"start":{"line":1,"column":53},"end":{"line":9,"column":1}}}},"branchMap":{"0":{"loc":{"start":{"line":2,"column":2},"end":{"line":6,"column":null}},"type":"if","locations":[{"start":{"line":2,"column":2},"end":{"line":6,"column":null}},{"start":{"line":2,"column":2},"end":{"line":6,"column":null}}]},"1":{"loc":{"start":{"line":4,"column":9},"end":{"line":6,"column":null}},"type":"if","locations":[{"start":{"line":4,"column":9},"end":{"line":6,"column":null}},{"start":{"line":4,"column":9},"end":{"line":6,"column":null}}]}},"s":{"0":5,"1":21,"2":4,"3":17,"4":4,"5":13},"f":{"0":21},"b":{"0":[4,17],"1":[4,13]}}
}
