{"C:\\Users\\qrxt3\\Desktop\\my-range-slider\\src\\range\\range.ts": {"path":"C:\\Users\\qrxt3\\Desktop\\my-range-slider\\src\\range\\range.ts","statementMap":{"0":{"start":{"line":12,"column":0},"end":{"line":12,"column":51}},"1":{"start":{"line":14,"column":21},"end":{"line":14,"column":33}},"2":{"start":{"line":18,"column":0},"end":{"line":18,"column":33}},"3":{"start":{"line":22,"column":0},"end":{"line":22,"column":52}},"4":{"start":{"line":24,"column":31},"end":{"line":45,"column":1}},"5":{"start":{"line":31,"column":6},"end":{"line":31,"column":14}},"6":{"start":{"line":33,"column":24},"end":{"line":33,"column":52}},"7":{"start":{"line":34,"column":19},"end":{"line":34,"column":58}},"8":{"start":{"line":35,"column":23},"end":{"line":35,"column":38}},"9":{"start":{"line":37,"column":2},"end":{"line":43,"column":null}},"10":{"start":{"line":47,"column":0},"end":{"line":47,"column":null}},"11":{"start":{"line":54,"column":4},"end":{"line":54,"column":21}},"12":{"start":{"line":55,"column":4},"end":{"line":55,"column":23}},"13":{"start":{"line":56,"column":4},"end":{"line":56,"column":55}},"14":{"start":{"line":57,"column":4},"end":{"line":82,"column":7}},"15":{"start":{"line":85,"column":9},"end":{"line":89,"column":null}},"16":{"start":{"line":86,"column":25},"end":{"line":86,"column":37}},"17":{"start":{"line":86,"column":16},"end":{"line":86,"column":18}},"18":{"start":{"line":86,"column":20},"end":{"line":86,"column":25}},"19":{"start":{"line":88,"column":4},"end":{"line":88,"column":24}},"20":{"start":{"line":91,"column":9},"end":{"line":134,"column":null}},"21":{"start":{"line":91,"column":2},"end":{"line":91,"column":9}},"22":{"start":{"line":92,"column":35},"end":{"line":92,"column":47}},"23":{"start":{"line":92,"column":16},"end":{"line":92,"column":18}},"24":{"start":{"line":92,"column":20},"end":{"line":92,"column":22}},"25":{"start":{"line":92,"column":25},"end":{"line":92,"column":27}},"26":{"start":{"line":92,"column":30},"end":{"line":92,"column":35}},"27":{"start":{"line":94,"column":20},"end":{"line":94,"column":42}},"28":{"start":{"line":96,"column":21},"end":{"line":104,"column":5}},"29":{"start":{"line":97,"column":22},"end":{"line":97,"column":65}},"30":{"start":{"line":99,"column":6},"end":{"line":99,"column":32}},"31":{"start":{"line":101,"column":6},"end":{"line":103,"column":9}},"32":{"start":{"line":108,"column":21},"end":{"line":125,"column":5}},"33":{"start":{"line":109,"column":6},"end":{"line":124,"column":null}},"34":{"start":{"line":110,"column":26},"end":{"line":110,"column":54}},"35":{"start":{"line":112,"column":8},"end":{"line":112,"column":38}},"36":{"start":{"line":114,"column":8},"end":{"line":116,"column":11}},"37":{"start":{"line":118,"column":26},"end":{"line":118,"column":55}},"38":{"start":{"line":119,"column":8},"end":{"line":119,"column":38}},"39":{"start":{"line":121,"column":8},"end":{"line":123,"column":11}},"40":{"start":{"line":127,"column":4},"end":{"line":129,"column":null}},"41":{"start":{"line":128,"column":6},"end":{"line":128,"column":20}},"42":{"start":{"line":131,"column":4},"end":{"line":133,"column":null}},"43":{"start":{"line":132,"column":6},"end":{"line":132,"column":20}},"44":{"start":{"line":136,"column":2},"end":{"line":168,"column":null}},"45":{"start":{"line":137,"column":25},"end":{"line":163,"column":6}},"46":{"start":{"line":165,"column":4},"end":{"line":165,"column":37}},"47":{"start":{"line":167,"column":4},"end":{"line":167,"column":16}},"48":{"start":{"line":169,"column":0},"end":{"line":169,"column":null}}},"fnMap":{"0":{"name":"(anonymous_2)","decl":{"start":{"line":24,"column":31},"end":{"line":24,"column":32}},"loc":{"start":{"line":24,"column":48},"end":{"line":45,"column":1}}},"1":{"name":"(anonymous_3)","decl":{"start":{"line":47,"column":0},"end":{"line":47,"column":null}},"loc":{"start":{"line":47,"column":0},"end":{"line":169,"column":null}}},"2":{"name":"MyRange","decl":{"start":{"line":53,"column":2},"end":{"line":53,"column":15}},"loc":{"start":{"line":53,"column":58},"end":{"line":83,"column":3}}},"3":{"name":"(anonymous_5)","decl":{"start":{"line":85,"column":2},"end":{"line":85,"column":9}},"loc":{"start":{"line":85,"column":2},"end":{"line":89,"column":3}}},"4":{"name":"(anonymous_6)","decl":{"start":{"line":91,"column":2},"end":{"line":91,"column":9}},"loc":{"start":{"line":91,"column":52},"end":{"line":134,"column":3}}},"5":{"name":"(anonymous_7)","decl":{"start":{"line":96,"column":21},"end":{"line":96,"column":22}},"loc":{"start":{"line":96,"column":33},"end":{"line":104,"column":5}}},"6":{"name":"(anonymous_8)","decl":{"start":{"line":108,"column":21},"end":{"line":108,"column":22}},"loc":{"start":{"line":108,"column":33},"end":{"line":125,"column":5}}},"7":{"name":"(anonymous_9)","decl":{"start":{"line":136,"column":2},"end":{"line":136,"column":6}},"loc":{"start":{"line":136,"column":2},"end":{"line":168,"column":3}}}},"branchMap":{"0":{"loc":{"start":{"line":33,"column":36},"end":{"line":33,"column":46}},"type":"cond-expr","locations":[{"start":{"line":33,"column":36},"end":{"line":33,"column":46}},{"start":{"line":33,"column":49},"end":{"line":33,"column":52}}]},"1":{"loc":{"start":{"line":41,"column":25},"end":{"line":41,"column":33}},"type":"cond-expr","locations":[{"start":{"line":41,"column":25},"end":{"line":41,"column":33}},{"start":{"line":41,"column":36},"end":{"line":41,"column":40}}]},"2":{"loc":{"start":{"line":42,"column":17},"end":{"line":42,"column":47}},"type":"cond-expr","locations":[{"start":{"line":42,"column":17},"end":{"line":42,"column":47}},{"start":{"line":42,"column":50},"end":{"line":42,"column":54}}]},"3":{"loc":{"start":{"line":43,"column":13},"end":{"line":43,"column":41}},"type":"cond-expr","locations":[{"start":{"line":43,"column":13},"end":{"line":43,"column":41}},{"start":{"line":43,"column":44},"end":{"line":43,"column":48}}]},"4":{"loc":{"start":{"line":109,"column":6},"end":{"line":124,"column":null}},"type":"if","locations":[{"start":{"line":109,"column":6},"end":{"line":124,"column":null}},{"start":{"line":109,"column":6},"end":{"line":124,"column":null}}]},"5":{"loc":{"start":{"line":127,"column":4},"end":{"line":129,"column":null}},"type":"if","locations":[{"start":{"line":127,"column":4},"end":{"line":129,"column":null}},{"start":{"line":127,"column":4},"end":{"line":129,"column":null}}]},"6":{"loc":{"start":{"line":131,"column":4},"end":{"line":133,"column":null}},"type":"if","locations":[{"start":{"line":131,"column":4},"end":{"line":133,"column":null}},{"start":{"line":131,"column":4},"end":{"line":133,"column":null}}]}},"s":{"0":5,"1":5,"2":5,"3":5,"4":5,"5":40,"6":8,"7":8,"8":8,"9":8,"10":5,"11":8,"12":8,"13":8,"14":8,"15":5,"16":13,"17":13,"18":13,"19":13,"20":5,"21":11,"22":11,"23":11,"24":11,"25":11,"26":11,"27":11,"28":11,"29":4,"30":4,"31":4,"32":11,"33":7,"34":3,"35":3,"36":3,"37":4,"38":4,"39":4,"40":11,"41":7,"42":11,"43":4,"44":5,"45":6,"46":6,"47":6,"48":5},"f":{"0":8,"1":5,"2":8,"3":13,"4":11,"5":4,"6":7,"7":6},"b":{"0":[1,7],"1":[1,7],"2":[8,0],"3":[2,6],"4":[3,4],"5":[7,4],"6":[4,7]}}
,"C:\\Users\\qrxt3\\Desktop\\my-range-slider\\src\\range\\elements\\base.ts": {"path":"C:\\Users\\qrxt3\\Desktop\\my-range-slider\\src\\range\\elements\\base.ts","statementMap":{"0":{"start":{"line":7,"column":0},"end":{"line":7,"column":32}},"1":{"start":{"line":11,"column":0},"end":{"line":11,"column":67}},"2":{"start":{"line":13,"column":0},"end":{"line":13,"column":null}},"3":{"start":{"line":19,"column":4},"end":{"line":19,"column":23}},"4":{"start":{"line":20,"column":4},"end":{"line":20,"column":29}},"5":{"start":{"line":25,"column":8},"end":{"line":25,"column":18}},"6":{"start":{"line":23,"column":15},"end":{"line":23,"column":null}},"7":{"start":{"line":24,"column":14},"end":{"line":24,"column":null}},"8":{"start":{"line":27,"column":30},"end":{"line":29,"column":17}},"9":{"start":{"line":31,"column":4},"end":{"line":33,"column":22}},"10":{"start":{"line":36,"column":9},"end":{"line":52,"column":null}},"11":{"start":{"line":37,"column":25},"end":{"line":37,"column":36}},"12":{"start":{"line":39,"column":22},"end":{"line":41,"column":18}},"13":{"start":{"line":43,"column":21},"end":{"line":46,"column":null}},"14":{"start":{"line":49,"column":4},"end":{"line":51,"column":7}},"15":{"start":{"line":54,"column":2},"end":{"line":68,"column":null}},"16":{"start":{"line":58,"column":8},"end":{"line":58,"column":18}},"17":{"start":{"line":56,"column":17},"end":{"line":56,"column":null}},"18":{"start":{"line":57,"column":12},"end":{"line":57,"column":null}},"19":{"start":{"line":60,"column":22},"end":{"line":60,"column":49}},"20":{"start":{"line":63,"column":4},"end":{"line":65,"column":null}},"21":{"start":{"line":64,"column":6},"end":{"line":64,"column":44}},"22":{"start":{"line":67,"column":4},"end":{"line":67,"column":16}},"23":{"start":{"line":69,"column":0},"end":{"line":69,"column":null}}},"fnMap":{"0":{"name":"(anonymous_0)","decl":{"start":{"line":13,"column":0},"end":{"line":13,"column":null}},"loc":{"start":{"line":13,"column":0},"end":{"line":69,"column":null}}},"1":{"name":"Base","decl":{"start":{"line":18,"column":2},"end":{"line":18,"column":15}},"loc":{"start":{"line":18,"column":63},"end":{"line":34,"column":3}}},"2":{"name":"(anonymous_2)","decl":{"start":{"line":36,"column":2},"end":{"line":36,"column":9}},"loc":{"start":{"line":36,"column":71},"end":{"line":52,"column":3}}},"3":{"name":"(anonymous_3)","decl":{"start":{"line":54,"column":2},"end":{"line":54,"column":6}},"loc":{"start":{"line":54,"column":2},"end":{"line":68,"column":3}}}},"branchMap":{"0":{"loc":{"start":{"line":28,"column":12},"end":{"line":28,"column":46}},"type":"cond-expr","locations":[{"start":{"line":28,"column":12},"end":{"line":28,"column":46}},{"start":{"line":29,"column":8},"end":{"line":29,"column":17}}]},"1":{"loc":{"start":{"line":40,"column":8},"end":{"line":40,"column":16}},"type":"cond-expr","locations":[{"start":{"line":40,"column":8},"end":{"line":40,"column":16}},{"start":{"line":41,"column":8},"end":{"line":41,"column":18}}]},"2":{"loc":{"start":{"line":60,"column":22},"end":{"line":60,"column":28}},"type":"binary-expr","locations":[{"start":{"line":60,"column":22},"end":{"line":60,"column":28}},{"start":{"line":60,"column":32},"end":{"line":60,"column":49}}]},"3":{"loc":{"start":{"line":63,"column":4},"end":{"line":65,"column":null}},"type":"if","locations":[{"start":{"line":63,"column":4},"end":{"line":65,"column":null}},{"start":{"line":63,"column":4},"end":{"line":65,"column":null}}]},"4":{"loc":{"start":{"line":63,"column":8},"end":{"line":63,"column":17}},"type":"binary-expr","locations":[{"start":{"line":63,"column":8},"end":{"line":63,"column":17}},{"start":{"line":63,"column":21},"end":{"line":63,"column":32}},{"start":{"line":63,"column":36},"end":{"line":63,"column":54}}]}},"s":{"0":5,"1":5,"2":5,"3":17,"4":17,"5":17,"6":17,"7":17,"8":17,"9":17,"10":5,"11":0,"12":0,"13":0,"14":0,"15":5,"16":17,"17":17,"18":17,"19":17,"20":17,"21":0,"22":17,"23":5},"f":{"0":5,"1":17,"2":0,"3":17},"b":{"0":[3,14],"1":[0,0],"2":[17,0],"3":[0,17],"4":[17,0,0]}}
,"C:\\Users\\qrxt3\\Desktop\\my-range-slider\\src\\range\\elements\\range.ts": {"path":"C:\\Users\\qrxt3\\Desktop\\my-range-slider\\src\\range\\elements\\range.ts","statementMap":{"0":{"start":{"line":1,"column":0},"end":{"line":1,"column":54}},"1":{"start":{"line":9,"column":0},"end":{"line":9,"column":51}},"2":{"start":{"line":11,"column":17},"end":{"line":11,"column":29}},"3":{"start":{"line":15,"column":0},"end":{"line":15,"column":32}},"4":{"start":{"line":17,"column":0},"end":{"line":63,"column":null}},"5":{"start":{"line":27,"column":6},"end":{"line":27,"column":12}},"6":{"start":{"line":29,"column":28},"end":{"line":29,"column":63}},"7":{"start":{"line":30,"column":32},"end":{"line":30,"column":67}},"8":{"start":{"line":32,"column":16},"end":{"line":34,"column":14}},"9":{"start":{"line":36,"column":2},"end":{"line":60,"column":null}},"10":{"start":{"line":37,"column":37},"end":{"line":57,"column":6}},"11":{"start":{"line":38,"column":6},"end":{"line":56,"column":null}},"12":{"start":{"line":38,"column":26},"end":{"line":38,"column":33}},"13":{"start":{"line":38,"column":22},"end":{"line":38,"column":26}},"14":{"start":{"line":39,"column":33},"end":{"line":41,"column":35}},"15":{"start":{"line":42,"column":27},"end":{"line":42,"column":49}},"16":{"start":{"line":43,"column":26},"end":{"line":43,"column":27}},"17":{"start":{"line":44,"column":26},"end":{"line":44,"column":60}},"18":{"start":{"line":45,"column":8},"end":{"line":55,"column":null}},"19":{"start":{"line":47,"column":10},"end":{"line":49,"column":null}},"20":{"start":{"line":48,"column":12},"end":{"line":48,"column":46}},"21":{"start":{"line":51,"column":10},"end":{"line":54,"column":null}},"22":{"start":{"line":59,"column":4},"end":{"line":59,"column":35}},"23":{"start":{"line":62,"column":2},"end":{"line":62,"column":15}}},"fnMap":{"0":{"name":"(anonymous_0)","decl":{"start":{"line":17,"column":15},"end":{"line":17,"column":16}},"loc":{"start":{"line":17,"column":59},"end":{"line":63,"column":1}}},"1":{"name":"(anonymous_1)","decl":{"start":{"line":37,"column":56},"end":{"line":37,"column":57}},"loc":{"start":{"line":37,"column":64},"end":{"line":57,"column":5}}}},"branchMap":{"0":{"loc":{"start":{"line":29,"column":39},"end":{"line":29,"column":56}},"type":"cond-expr","locations":[{"start":{"line":29,"column":39},"end":{"line":29,"column":56}},{"start":{"line":29,"column":59},"end":{"line":29,"column":63}}]},"1":{"loc":{"start":{"line":36,"column":2},"end":{"line":60,"column":null}},"type":"if","locations":[{"start":{"line":36,"column":2},"end":{"line":60,"column":null}},{"start":{"line":36,"column":2},"end":{"line":60,"column":null}}]},"2":{"loc":{"start":{"line":40,"column":12},"end":{"line":40,"column":36}},"type":"cond-expr","locations":[{"start":{"line":40,"column":12},"end":{"line":40,"column":36}},{"start":{"line":41,"column":12},"end":{"line":41,"column":35}}]},"3":{"loc":{"start":{"line":45,"column":8},"end":{"line":55,"column":null}},"type":"if","locations":[{"start":{"line":45,"column":8},"end":{"line":55,"column":null}},{"start":{"line":45,"column":8},"end":{"line":55,"column":null}}]},"4":{"loc":{"start":{"line":45,"column":12},"end":{"line":45,"column":17}},"type":"binary-expr","locations":[{"start":{"line":45,"column":12},"end":{"line":45,"column":17}},{"start":{"line":45,"column":21},"end":{"line":45,"column":31}},{"start":{"line":45,"column":35},"end":{"line":45,"column":56}}]},"5":{"loc":{"start":{"line":47,"column":10},"end":{"line":49,"column":null}},"type":"if","locations":[{"start":{"line":47,"column":10},"end":{"line":49,"column":null}},{"start":{"line":47,"column":10},"end":{"line":49,"column":null}}]}},"s":{"0":5,"1":5,"2":5,"3":5,"4":5,"5":119,"6":17,"7":17,"8":17,"9":17,"10":0,"11":0,"12":0,"13":0,"14":0,"15":0,"16":0,"17":0,"18":0,"19":0,"20":0,"21":0,"22":0,"23":17},"f":{"0":17,"1":0},"b":{"0":[3,14],"1":[0,17],"2":[0,0],"3":[0,0],"4":[0,0,0],"5":[0,0]}}
,"C:\\Users\\qrxt3\\Desktop\\my-range-slider\\src\\range\\elmish\\mount.ts": {"path":"C:\\Users\\qrxt3\\Desktop\\my-range-slider\\src\\range\\elmish\\mount.ts","statementMap":{"0":{"start":{"line":9,"column":0},"end":{"line":9,"column":30}},"1":{"start":{"line":10,"column":0},"end":{"line":10,"column":26}},"2":{"start":{"line":14,"column":0},"end":{"line":26,"column":2}},"3":{"start":{"line":14,"column":46},"end":{"line":14,"column":null}},"4":{"start":{"line":15,"column":25},"end":{"line":19,"column":3}},"5":{"start":{"line":16,"column":4},"end":{"line":16,"column":43}},"6":{"start":{"line":18,"column":4},"end":{"line":18,"column":36}},"7":{"start":{"line":21,"column":2},"end":{"line":23,"column":null}},"8":{"start":{"line":22,"column":4},"end":{"line":22,"column":36}},"9":{"start":{"line":25,"column":2},"end":{"line":25,"column":16}}},"fnMap":{"0":{"name":"(anonymous_0)","decl":{"start":{"line":14,"column":15},"end":{"line":14,"column":16}},"loc":{"start":{"line":14,"column":61},"end":{"line":26,"column":1}}},"1":{"name":"(anonymous_1)","decl":{"start":{"line":15,"column":25},"end":{"line":15,"column":26}},"loc":{"start":{"line":15,"column":59},"end":{"line":19,"column":3}}}},"branchMap":{"0":{"loc":{"start":{"line":14,"column":46},"end":{"line":14,"column":null}},"type":"if","locations":[{"start":{"line":14,"column":46},"end":{"line":14,"column":null}},{"start":{"line":14,"column":46},"end":{"line":14,"column":null}}]},"1":{"loc":{"start":{"line":21,"column":2},"end":{"line":23,"column":null}},"type":"if","locations":[{"start":{"line":21,"column":2},"end":{"line":23,"column":null}},{"start":{"line":21,"column":2},"end":{"line":23,"column":null}}]}},"s":{"0":5,"1":5,"2":5,"3":12,"4":6,"5":11,"6":11,"7":6,"8":6,"9":6},"f":{"0":6,"1":11},"b":{"0":[6,0],"1":[6,0]}}
,"C:\\Users\\qrxt3\\Desktop\\my-range-slider\\src\\range\\elmish\\actions\\index.ts": {"path":"C:\\Users\\qrxt3\\Desktop\\my-range-slider\\src\\range\\elmish\\actions\\index.ts","statementMap":{"0":{"start":{"line":1,"column":0},"end":{"line":1,"column":35}},"1":{"start":{"line":2,"column":0},"end":{"line":2,"column":35}},"2":{"start":{"line":3,"column":0},"end":{"line":3,"column":26}},"3":{"start":{"line":7,"column":0},"end":{"line":7,"column":51}},"4":{"start":{"line":13,"column":4},"end":{"line":13,"column":16}},"5":{"start":{"line":19,"column":13},"end":{"line":23,"column":2}},"6":{"start":{"line":25,"column":0},"end":{"line":25,"column":23}}},"fnMap":{},"branchMap":{},"s":{"0":5,"1":5,"2":5,"3":5,"4":15,"5":5,"6":5},"f":{},"b":{}}
,"C:\\Users\\qrxt3\\Desktop\\my-range-slider\\src\\range\\utils\\normalize-value.ts": {"path":"C:\\Users\\qrxt3\\Desktop\\my-range-slider\\src\\range\\utils\\normalize-value.ts","statementMap":{"0":{"start":{"line":1,"column":0},"end":{"line":9,"column":2}},"1":{"start":{"line":2,"column":2},"end":{"line":6,"column":null}},"2":{"start":{"line":3,"column":4},"end":{"line":3,"column":15}},"3":{"start":{"line":4,"column":9},"end":{"line":6,"column":null}},"4":{"start":{"line":5,"column":4},"end":{"line":5,"column":15}},"5":{"start":{"line":8,"column":2},"end":{"line":8,"column":13}}},"fnMap":{"0":{"name":"(anonymous_0)","decl":{"start":{"line":1,"column":15},"end":{"line":1,"column":16}},"loc":{"start":{"line":1,"column":53},"end":{"line":9,"column":1}}}},"branchMap":{"0":{"loc":{"start":{"line":2,"column":2},"end":{"line":6,"column":null}},"type":"if","locations":[{"start":{"line":2,"column":2},"end":{"line":6,"column":null}},{"start":{"line":2,"column":2},"end":{"line":6,"column":null}}]},"1":{"loc":{"start":{"line":4,"column":9},"end":{"line":6,"column":null}},"type":"if","locations":[{"start":{"line":4,"column":9},"end":{"line":6,"column":null}},{"start":{"line":4,"column":9},"end":{"line":6,"column":null}}]}},"s":{"0":5,"1":21,"2":4,"3":17,"4":4,"5":13},"f":{"0":21},"b":{"0":[4,17],"1":[4,13]}}
}
