TN:
SF:src\range\utils\calc-percentage.ts
FN:1,(anonymous_0)
FNF:1
FNH:1
FNDA:2,(anonymous_0)
DA:1,1
DA:2,2
LF:2
LH:2
BRF:0
BRH:0
end_of_record
TN:
SF:src\range\utils\find-closest-in-array.ts
FN:1,(anonymous_0)
FN:2,(anonymous_1)
FNF:2
FNH:2
FNDA:8,(anonymous_0)
FNDA:72,(anonymous_1)
DA:1,1
DA:2,8
DA:3,72
LF:3
LH:3
BRDA:3,0,0,36
BRDA:3,0,1,36
BRF:2
BRH:2
end_of_record
TN:
SF:src\range\utils\get-striped-gradient.ts
FN:5,(anonymous_0)
FN:10,(anonymous_1)
FNF:2
FNH:2
FNDA:5,(anonymous_0)
FNDA:9,(anonymous_1)
DA:5,1
DA:6,5
DA:8,5
DA:9,5
DA:11,9
DA:12,9
DA:14,9
DA:15,5
DA:16,1
DA:23,4
DA:24,1
DA:29,3
DA:30,1
DA:34,2
DA:35,2
DA:37,2
DA:40,4
DA:41,1
DA:44,3
DA:45,3
DA:48,0
DA:52,5
LF:22
LH:21
BRDA:14,0,0,5
BRDA:14,0,1,4
BRDA:15,1,0,1
BRDA:15,1,1,4
BRDA:15,2,0,5
BRDA:15,2,1,2
BRDA:23,3,0,1
BRDA:23,3,1,3
BRDA:29,4,0,1
BRDA:29,4,1,2
BRDA:40,5,0,1
BRDA:40,5,1,3
BRDA:40,6,0,4
BRDA:40,6,1,3
BRDA:44,7,0,3
BRDA:44,7,1,0
BRF:16
BRH:15
end_of_record
