TN:
SF:src\range\range.ts
FN:24,(anonymous_2)
FN:47,(anonymous_3)
FN:53,MyRange
FN:85,(anonymous_5)
FN:91,(anonymous_6)
FN:96,(anonymous_7)
FN:108,(anonymous_8)
FN:136,(anonymous_9)
FNF:8
FNH:8
FNDA:8,(anonymous_2)
FNDA:5,(anonymous_3)
FNDA:8,MyRange
FNDA:13,(anonymous_5)
FNDA:11,(anonymous_6)
FNDA:4,(anonymous_7)
FNDA:7,(anonymous_8)
FNDA:6,(anonymous_9)
DA:12,5
DA:14,5
DA:18,5
DA:22,5
DA:24,5
DA:31,40
DA:33,8
DA:34,8
DA:35,8
DA:37,8
DA:47,5
DA:54,8
DA:55,8
DA:56,8
DA:57,8
DA:85,5
DA:86,13
DA:88,13
DA:91,11
DA:92,11
DA:94,11
DA:96,11
DA:97,4
DA:99,4
DA:101,4
DA:108,11
DA:109,7
DA:110,3
DA:112,3
DA:114,3
DA:118,4
DA:119,4
DA:121,4
DA:127,11
DA:128,7
DA:131,11
DA:132,4
DA:136,5
DA:137,6
DA:165,6
DA:167,6
DA:169,5
LF:42
LH:42
BRDA:33,0,0,1
BRDA:33,0,1,7
BRDA:41,1,0,1
BRDA:41,1,1,7
BRDA:42,2,0,8
BRDA:42,2,1,0
BRDA:43,3,0,2
BRDA:43,3,1,6
BRDA:109,4,0,3
BRDA:109,4,1,4
BRDA:127,5,0,7
BRDA:127,5,1,4
BRDA:131,6,0,4
BRDA:131,6,1,7
BRF:14
BRH:13
end_of_record
TN:
SF:src\range\elements\base.ts
FN:13,(anonymous_0)
FN:18,Base
FN:36,(anonymous_2)
FN:54,(anonymous_3)
FNF:4
FNH:3
FNDA:5,(anonymous_0)
FNDA:17,Base
FNDA:0,(anonymous_2)
FNDA:17,(anonymous_3)
DA:7,5
DA:11,5
DA:13,5
DA:19,17
DA:20,17
DA:23,17
DA:24,17
DA:25,17
DA:27,17
DA:31,17
DA:36,5
DA:37,0
DA:39,0
DA:43,0
DA:49,0
DA:54,5
DA:56,17
DA:57,17
DA:58,17
DA:60,17
DA:63,17
DA:64,0
DA:67,17
DA:69,5
LF:24
LH:19
BRDA:28,0,0,3
BRDA:28,0,1,14
BRDA:40,1,0,0
BRDA:40,1,1,0
BRDA:60,2,0,17
BRDA:60,2,1,0
BRDA:63,3,0,0
BRDA:63,3,1,17
BRDA:63,4,0,17
BRDA:63,4,1,0
BRDA:63,4,2,0
BRF:11
BRH:5
end_of_record
TN:
SF:src\range\elements\range.ts
FN:17,(anonymous_0)
FN:37,(anonymous_1)
FNF:2
FNH:1
FNDA:17,(anonymous_0)
FNDA:0,(anonymous_1)
DA:1,5
DA:9,5
DA:11,5
DA:15,5
DA:17,5
DA:27,119
DA:29,17
DA:30,17
DA:32,17
DA:36,17
DA:37,0
DA:38,0
DA:39,0
DA:42,0
DA:43,0
DA:44,0
DA:45,0
DA:47,0
DA:48,0
DA:51,0
DA:59,0
DA:62,17
LF:22
LH:11
BRDA:29,0,0,3
BRDA:29,0,1,14
BRDA:36,1,0,0
BRDA:36,1,1,17
BRDA:40,2,0,0
BRDA:40,2,1,0
BRDA:45,3,0,0
BRDA:45,3,1,0
BRDA:45,4,0,0
BRDA:45,4,1,0
BRDA:45,4,2,0
BRDA:47,5,0,0
BRDA:47,5,1,0
BRF:13
BRH:3
end_of_record
TN:
SF:src\range\elmish\mount.ts
FN:14,(anonymous_0)
FN:15,(anonymous_1)
FNF:2
FNH:2
FNDA:6,(anonymous_0)
FNDA:11,(anonymous_1)
DA:9,5
DA:10,5
DA:14,12
DA:15,6
DA:16,11
DA:18,11
DA:21,6
DA:22,6
DA:25,6
LF:9
LH:9
BRDA:14,0,0,6
BRDA:14,0,1,0
BRDA:21,1,0,6
BRDA:21,1,1,0
BRF:4
BRH:2
end_of_record
TN:
SF:src\range\elmish\actions\index.ts
FNF:0
FNH:0
DA:1,5
DA:2,5
DA:3,5
DA:7,5
DA:13,15
DA:19,5
DA:25,5
LF:7
LH:7
BRF:0
BRH:0
end_of_record
TN:
SF:src\range\utils\normalize-value.ts
FN:1,(anonymous_0)
FNF:1
FNH:1
FNDA:21,(anonymous_0)
DA:1,5
DA:2,21
DA:3,4
DA:4,17
DA:5,4
DA:8,13
LF:6
LH:6
BRDA:2,0,0,4
BRDA:2,0,1,17
BRDA:4,1,0,4
BRDA:4,1,1,13
BRF:4
BRH:4
end_of_record
